<?xml version="1.0" encoding="UTF-8"?>
<Site BuildName="Linux-g++"
	BuildStamp="20231120-1514-Experimental"
	Name="administrator-VirtualBox"
	Generator="ctest-3.22.1"
	CompilerName="/usr/bin/g++"
	CompilerVersion="11.4.0"
	OSName="Linux"
	Hostname="administrator-VirtualBox"
	OSRelease="6.2.0-36-generic"
	OSVersion="#37~22.04.1-Ubuntu SMP PREEMPT_DYNAMIC Mon Oct  9 15:34:04 UTC 2"
	OSPlatform="x86_64"
	Is64Bits="1"
	VendorString="AuthenticAMD"
	VendorID="Advanced Micro Devices"
	FamilyID="23"
	ModelID="113"
	ProcessorCacheSize="512"
	NumberOfLogicalCPU="4"
	NumberOfPhysicalCPU="4"
	TotalVirtualMemory="2047"
	TotalPhysicalMemory="7935"
	LogicalProcessorsPerPhysical="1"
	ProcessorClockFrequency="3792.88"
	>
	<Testing>
		<StartDateTime>Nov 20 19:06 MSK</StartDateTime>
		<StartTestTime>1700496389</StartTestTime>
		<TestList/>
		<EndDateTime>Nov 20 19:06 MSK</EndDateTime>
		<EndTestTime>1700496389</EndTestTime>
		<ElapsedMinutes>0</ElapsedMinutes>
	</Testing>
</Site>
